<?xml version="1.0" encoding="UTF-8"?>
<!-- Generated by org.testng.reporters.JUnitReportReporter -->
<testsuite hostname="DESKTOP-K32O6AO" name="pe.com.test.ParameterizedTest1" tests="1" failures="0" timestamp="17 Sep 2017 21:51:01 GMT" time="0.001" errors="0">
  <testcase name="parameterTest" time="0.001" classname="pe.com.test.ParameterizedTest1"/>
</testsuite> <!-- pe.com.test.ParameterizedTest1 -->
